# JRE version: Java(TM) SE Runtime Environment (8.0_65-b17) (build 1.8.0_65-b17)
# Java VM: Java HotSpot(TM) 64-Bit Server VM (25.65-b01 mixed mode windows-amd64 compressed oops)
Heap:
 PSYoungGen      total 400896K, used 193786K [0x0000000755f00000, 0x000000076fc00000, 0x00000007c0000000)
  eden space 394240K, 49% used [0x0000000755f00000,0x0000000761c3e930,0x000000076e000000)
  from space 6656K, 0% used [0x000000076e000000,0x000000076e000000,0x000000076e680000)
  to   space 14336K, 0% used [0x000000076ee00000,0x000000076ee00000,0x000000076fc00000)
 ParOldGen       total 248320K, used 26729K [0x0000000681c00000, 0x0000000690e80000, 0x0000000755f00000)
  object space 248320K, 10% used [0x0000000681c00000,0x000000068361a710,0x0000000690e80000)
 Metaspace       used 69125K, capacity 74012K, committed 74112K, reserved 1114112K
  class space    used 8913K, capacity 9818K, committed 9856K, reserved 1048576K
GC Heap History (10 events):
Event: 2073.765 GC heap before
{Heap before GC invocations=33 (full 14):
 PSYoungGen      total 401408K, used 6833K [0x0000000755f00000, 0x000000076fe00000, 0x00000007c0000000)
  eden space 394240K, 0% used [0x0000000755f00000,0x0000000755f00000,0x000000076e000000)
  from space 7168K, 95% used [0x000000076e000000,0x000000076e6ac568,0x000000076e700000)
  to   space 15360K, 0% used [0x000000076ef00000,0x000000076ef00000,0x000000076fe00000)
 ParOldGen       total 248320K, used 26112K [0x0000000681c00000, 0x0000000690e80000, 0x0000000755f00000)
  object space 248320K, 10% used [0x0000000681c00000,0x0000000683580038,0x0000000690e80000)
 Metaspace       used 67911K, capacity 72692K, committed 72960K, reserved 1112064K
  class space    used 8833K, capacity 9691K, committed 9728K, reserved 1048576K
Event: 2073.858 GC heap after
Heap after GC invocations=33 (full 14):
 PSYoungGen      total 401408K, used 0K [0x0000000755f00000, 0x000000076fe00000, 0x00000007c0000000)
  eden space 394240K, 0% used [0x0000000755f00000,0x0000000755f00000,0x000000076e000000)
  from space 7168K, 0% used [0x000000076e000000,0x000000076e000000,0x000000076e700000)
  to   space 15360K, 0% used [0x000000076ef00000,0x000000076ef00000,0x000000076fe00000)
 ParOldGen       total 248320K, used 24051K [0x0000000681c00000, 0x0000000690e80000, 0x0000000755f00000)
  object space 248320K, 9% used [0x0000000681c00000,0x000000068337cfb0,0x0000000690e80000)
 Metaspace       used 67906K, capacity 72680K, committed 72960K, reserved 1112064K
  class space    used 8832K, capacity 9687K, committed 9728K, reserved 1048576K
}
Event: 2458.619 GC heap before
{Heap before GC invocations=34 (full 14):
 PSYoungGen      total 401408K, used 203893K [0x0000000755f00000, 0x000000076fe00000, 0x00000007c0000000)
  eden space 394240K, 51% used [0x0000000755f00000,0x000000076261d5b0,0x000000076e000000)
  from space 7168K, 0% used [0x000000076e000000,0x000000076e000000,0x000000076e700000)
  to   space 15360K, 0% used [0x000000076ef00000,0x000000076ef00000,0x000000076fe00000)
 ParOldGen       total 248320K, used 24051K [0x0000000681c00000, 0x0000000690e80000, 0x0000000755f00000)
  object space 248320K, 9% used [0x0000000681c00000,0x000000068337cfb0,0x0000000690e80000)
 Metaspace       used 68313K, capacity 73014K, committed 73344K, reserved 1112064K
  class space    used 8858K, capacity 9731K, committed 9856K, reserved 1048576K
Event: 2458.624 GC heap after
Heap after GC invocations=34 (full 14):
 PSYoungGen      total 408576K, used 7672K [0x0000000755f00000, 0x000000076fd00000, 0x00000007c0000000)
  eden space 394240K, 0% used [0x0000000755f00000,0x0000000755f00000,0x000000076e000000)
  from space 14336K, 53% used [0x000000076ef00000,0x000000076f67e298,0x000000076fd00000)
  to   space 14848K, 0% used [0x000000076e000000,0x000000076e000000,0x000000076ee80000)
 ParOldGen       total 248320K, used 24059K [0x0000000681c00000, 0x0000000690e80000, 0x0000000755f00000)
  object space 248320K, 9% used [0x0000000681c00000,0x000000068337efb0,0x0000000690e80000)
 Metaspace       used 68313K, capacity 73014K, committed 73344K, reserved 1112064K
  class space    used 8858K, capacity 9731K, committed 9856K, reserved 1048576K
}
Event: 2458.624 GC heap before
{Heap before GC invocations=35 (full 15):
 PSYoungGen      total 408576K, used 7672K [0x0000000755f00000, 0x000000076fd00000, 0x00000007c0000000)
  eden space 394240K, 0% used [0x0000000755f00000,0x0000000755f00000,0x000000076e000000)
  from space 14336K, 53% used [0x000000076ef00000,0x000000076f67e298,0x000000076fd00000)
  to   space 14848K, 0% used [0x000000076e000000,0x000000076e000000,0x000000076ee80000)
 ParOldGen       total 248320K, used 24059K [0x0000000681c00000, 0x0000000690e80000, 0x0000000755f00000)
  object space 248320K, 9% used [0x0000000681c00000,0x000000068337efb0,0x0000000690e80000)
 Metaspace       used 68313K, capacity 73014K, committed 73344K, reserved 1112064K
  class space    used 8858K, capacity 9731K, committed 9856K, reserved 1048576K
Event: 2458.720 GC heap after
Heap after GC invocations=35 (full 15):
 PSYoungGen      total 408576K, used 0K [0x0000000755f00000, 0x000000076fd00000, 0x00000007c0000000)
  eden space 394240K, 0% used [0x0000000755f00000,0x0000000755f00000,0x000000076e000000)
  from space 14336K, 0% used [0x000000076ef00000,0x000000076ef00000,0x000000076fd00000)
  to   space 14848K, 0% used [0x000000076e000000,0x000000076e000000,0x000000076ee80000)
 ParOldGen       total 248320K, used 24434K [0x0000000681c00000, 0x0000000690e80000, 0x0000000755f00000)
  object space 248320K, 9% used [0x0000000681c00000,0x00000006833dcb38,0x0000000690e80000)
 Metaspace       used 68310K, capacity 73008K, committed 73344K, reserved 1112064K
  class space    used 8857K, capacity 9729K, committed 9856K, reserved 1048576K
}
Event: 2572.585 GC heap before
{Heap before GC invocations=36 (full 15):
 PSYoungGen      total 408576K, used 183282K [0x0000000755f00000, 0x000000076fd00000, 0x00000007c0000000)
  eden space 394240K, 46% used [0x0000000755f00000,0x00000007611fc8d8,0x000000076e000000)
  from space 14336K, 0% used [0x000000076ef00000,0x000000076ef00000,0x000000076fd00000)
  to   space 14848K, 0% used [0x000000076e000000,0x000000076e000000,0x000000076ee80000)
 ParOldGen       total 248320K, used 24434K [0x0000000681c00000, 0x0000000690e80000, 0x0000000755f00000)
  object space 248320K, 9% used [0x0000000681c00000,0x00000006833dcb38,0x0000000690e80000)
 Metaspace       used 68744K, capacity 73522K, committed 73856K, reserved 1114112K
  class space    used 8883K, capacity 9771K, committed 9856K, reserved 1048576K
Event: 2572.589 GC heap after
Heap after GC invocations=36 (full 15):
 PSYoungGen      total 400896K, used 6546K [0x0000000755f00000, 0x000000076fc00000, 0x00000007c0000000)
  eden space 394240K, 0% used [0x0000000755f00000,0x0000000755f00000,0x000000076e000000)
  from space 6656K, 98% used [0x000000076e000000,0x000000076e6649a8,0x000000076e680000)
  to   space 14336K, 0% used [0x000000076ee00000,0x000000076ee00000,0x000000076fc00000)
 ParOldGen       total 248320K, used 24442K [0x0000000681c00000, 0x0000000690e80000, 0x0000000755f00000)
  object space 248320K, 9% used [0x0000000681c00000,0x00000006833deb38,0x0000000690e80000)
 Metaspace       used 68744K, capacity 73522K, committed 73856K, reserved 1114112K
  class space    used 8883K, capacity 9771K, committed 9856K, reserved 1048576K
}
Event: 2572.589 GC heap before
{Heap before GC invocations=37 (full 16):
 PSYoungGen      total 400896K, used 6546K [0x0000000755f00000, 0x000000076fc00000, 0x00000007c0000000)
  eden space 394240K, 0% used [0x0000000755f00000,0x0000000755f00000,0x000000076e000000)
  from space 6656K, 98% used [0x000000076e000000,0x000000076e6649a8,0x000000076e680000)
  to   space 14336K, 0% used [0x000000076ee00000,0x000000076ee00000,0x000000076fc00000)
 ParOldGen       total 248320K, used 24442K [0x0000000681c00000, 0x0000000690e80000, 0x0000000755f00000)
  object space 248320K, 9% used [0x0000000681c00000,0x00000006833deb38,0x0000000690e80000)
 Metaspace       used 68744K, capacity 73522K, committed 73856K, reserved 1114112K
  class space    used 8883K, capacity 9771K, committed 9856K, reserved 1048576K
Event: 2572.700 GC heap after
Heap after GC invocations=37 (full 16):
 PSYoungGen      total 400896K, used 0K [0x0000000755f00000, 0x000000076fc00000, 0x00000007c0000000)
  eden space 394240K, 0% used [0x0000000755f00000,0x0000000755f00000,0x000000076e000000)
  from space 6656K, 0% used [0x000000076e000000,0x000000076e000000,0x000000076e680000)
  to   space 14336K, 0% used [0x000000076ee00000,0x000000076ee00000,0x000000076fc00000)
 ParOldGen       total 248320K, used 26729K [0x0000000681c00000, 0x0000000690e80000, 0x0000000755f00000)
  object space 248320K, 10% used [0x0000000681c00000,0x000000068361a710,0x0000000690e80000)
 Metaspace       used 68744K, capacity 73522K, committed 73856K, reserved 1114112K
  class space    used 8883K, capacity 9771K, committed 9856K, reserved 1048576K
}

